Determining if the pthread_create exist failed with the following output:
Change Dir: /content/colorization/caffe/build/CMakeFiles/CMakeTmp

Run Build Command(s):/usr/bin/make cmTC_76d6d/fast 
/usr/bin/make -f CMakeFiles/cmTC_76d6d.dir/build.make CMakeFiles/cmTC_76d6d.dir/build
make[1]: Entering directory '/content/colorization/caffe/build/CMakeFiles/CMakeTmp'
Building C object CMakeFiles/cmTC_76d6d.dir/CheckSymbolExists.c.o
/usr/bin/cc    -o CMakeFiles/cmTC_76d6d.dir/CheckSymbolExists.c.o   -c /content/colorization/caffe/build/CMakeFiles/CMakeTmp/CheckSymbolExists.c
Linking C executable cmTC_76d6d
/opt/cmake/bin/cmake -E cmake_link_script CMakeFiles/cmTC_76d6d.dir/link.txt --verbose=1
/usr/bin/cc      -rdynamic CMakeFiles/cmTC_76d6d.dir/CheckSymbolExists.c.o  -o cmTC_76d6d 
CMakeFiles/cmTC_76d6d.dir/CheckSymbolExists.c.o: In function `main':
CheckSymbolExists.c:(.text+0x1b): undefined reference to `pthread_create'
collect2: error: ld returned 1 exit status
CMakeFiles/cmTC_76d6d.dir/build.make:86: recipe for target 'cmTC_76d6d' failed
make[1]: *** [cmTC_76d6d] Error 1
make[1]: Leaving directory '/content/colorization/caffe/build/CMakeFiles/CMakeTmp'
Makefile:121: recipe for target 'cmTC_76d6d/fast' failed
make: *** [cmTC_76d6d/fast] Error 2

File /content/colorization/caffe/build/CMakeFiles/CMakeTmp/CheckSymbolExists.c:
/* */
#include <pthread.h>

int main(int argc, char** argv)
{
  (void)argv;
#ifndef pthread_create
  return ((int*)(&pthread_create))[argc];
#else
  (void)argc;
  return 0;
#endif
}

Determining if the function pthread_create exists in the pthreads failed with the following output:
Change Dir: /content/colorization/caffe/build/CMakeFiles/CMakeTmp

Run Build Command(s):/usr/bin/make cmTC_24435/fast 
/usr/bin/make -f CMakeFiles/cmTC_24435.dir/build.make CMakeFiles/cmTC_24435.dir/build
make[1]: Entering directory '/content/colorization/caffe/build/CMakeFiles/CMakeTmp'
Building C object CMakeFiles/cmTC_24435.dir/CheckFunctionExists.c.o
/usr/bin/cc   -DCHECK_FUNCTION_EXISTS=pthread_create   -o CMakeFiles/cmTC_24435.dir/CheckFunctionExists.c.o   -c /opt/cmake/share/cmake-3.14/Modules/CheckFunctionExists.c
Linking C executable cmTC_24435
/opt/cmake/bin/cmake -E cmake_link_script CMakeFiles/cmTC_24435.dir/link.txt --verbose=1
/usr/bin/cc  -DCHECK_FUNCTION_EXISTS=pthread_create    -rdynamic CMakeFiles/cmTC_24435.dir/CheckFunctionExists.c.o  -o cmTC_24435 -lpthreads 
/usr/bin/ld: cannot find -lpthreads
collect2: error: ld returned 1 exit status
CMakeFiles/cmTC_24435.dir/build.make:86: recipe for target 'cmTC_24435' failed
make[1]: *** [cmTC_24435] Error 1
make[1]: Leaving directory '/content/colorization/caffe/build/CMakeFiles/CMakeTmp'
Makefile:121: recipe for target 'cmTC_24435/fast' failed
make: *** [cmTC_24435/fast] Error 2


